The system is: Darwin - 15.0.0 - x86_64
Compiling the CXX compiler identification source file "CMakeCXXCompilerId.cpp" succeeded.
Compiler: /Library/Developer/CommandLineTools/usr/bin/c++ 
Build flags: 
Id flags: 

The output was:
0


Compilation of the CXX compiler identification source "CMakeCXXCompilerId.cpp" produced "a.out"

The CXX compiler identification is AppleClang, found in "/Users/Tom/Documents/university/software-project/CMakeFiles/3.5.1/CompilerIdCXX/a.out"

Compiling the C compiler identification source file "CMakeCCompilerId.c" succeeded.
Compiler: /Library/Developer/CommandLineTools/usr/bin/cc 
Build flags: 
Id flags: 

The output was:
0


Compilation of the C compiler identification source "CMakeCCompilerId.c" produced "a.out"

The C compiler identification is AppleClang, found in "/Users/Tom/Documents/university/software-project/CMakeFiles/3.5.1/CompilerIdC/a.out"

Determining if the CXX compiler works passed with the following output:
Change Dir: /Users/Tom/Documents/university/software-project/CMakeFiles/CMakeTmp

Run Build Command:"/usr/bin/make" "cmTC_b6669/fast"
/Library/Developer/CommandLineTools/usr/bin/make -f CMakeFiles/cmTC_b6669.dir/build.make CMakeFiles/cmTC_b6669.dir/build
Building CXX object CMakeFiles/cmTC_b6669.dir/testCXXCompiler.cxx.o
/Library/Developer/CommandLineTools/usr/bin/c++      -o CMakeFiles/cmTC_b6669.dir/testCXXCompiler.cxx.o -c /Users/Tom/Documents/university/software-project/CMakeFiles/CMakeTmp/testCXXCompiler.cxx
Linking CXX executable cmTC_b6669
/Applications/CMake.app/Contents/bin/cmake -E cmake_link_script CMakeFiles/cmTC_b6669.dir/link.txt --verbose=1
/Library/Developer/CommandLineTools/usr/bin/c++     -Wl,-search_paths_first -Wl,-headerpad_max_install_names   CMakeFiles/cmTC_b6669.dir/testCXXCompiler.cxx.o  -o cmTC_b6669  


Detecting CXX compiler ABI info compiled with the following output:
Change Dir: /Users/Tom/Documents/university/software-project/CMakeFiles/CMakeTmp

Run Build Command:"/usr/bin/make" "cmTC_dd9d1/fast"
/Library/Developer/CommandLineTools/usr/bin/make -f CMakeFiles/cmTC_dd9d1.dir/build.make CMakeFiles/cmTC_dd9d1.dir/build
Building CXX object CMakeFiles/cmTC_dd9d1.dir/CMakeCXXCompilerABI.cpp.o
/Library/Developer/CommandLineTools/usr/bin/c++      -o CMakeFiles/cmTC_dd9d1.dir/CMakeCXXCompilerABI.cpp.o -c /Applications/CMake.app/Contents/share/cmake-3.5/Modules/CMakeCXXCompilerABI.cpp
Linking CXX executable cmTC_dd9d1
/Applications/CMake.app/Contents/bin/cmake -E cmake_link_script CMakeFiles/cmTC_dd9d1.dir/link.txt --verbose=1
/Library/Developer/CommandLineTools/usr/bin/c++     -Wl,-search_paths_first -Wl,-headerpad_max_install_names  -v -Wl,-v CMakeFiles/cmTC_dd9d1.dir/CMakeCXXCompilerABI.cpp.o  -o cmTC_dd9d1   
Apple LLVM version 7.3.0 (clang-703.0.29)
Target: x86_64-apple-darwin15.0.0
Thread model: posix
InstalledDir: /Library/Developer/CommandLineTools/usr/bin
 "/Library/Developer/CommandLineTools/usr/bin/ld" -demangle -dynamic -arch x86_64 -macosx_version_min 10.11.0 -o cmTC_dd9d1 -search_paths_first -headerpad_max_install_names -v CMakeFiles/cmTC_dd9d1.dir/CMakeCXXCompilerABI.cpp.o -lc++ -lSystem /Library/Developer/CommandLineTools/usr/bin/../lib/clang/7.3.0/lib/darwin/libclang_rt.osx.a
@(#)PROGRAM:ld  PROJECT:ld64-264.3.101
configured to support archs: armv6 armv7 armv7s arm64 i386 x86_64 x86_64h armv6m armv7k armv7m armv7em (tvOS)
Library search paths:
	/usr/lib
Framework search paths:
	/Library/Frameworks/
	/System/Library/Frameworks/


Parsed CXX implicit link information from above output:
  link line regex: [^( *|.*[/\])(ld|([^/\]+-)?ld|collect2)[^/\]*( |$)]
  ignore line: [Change Dir: /Users/Tom/Documents/university/software-project/CMakeFiles/CMakeTmp]
  ignore line: []
  ignore line: [Run Build Command:"/usr/bin/make" "cmTC_dd9d1/fast"]
  ignore line: [/Library/Developer/CommandLineTools/usr/bin/make -f CMakeFiles/cmTC_dd9d1.dir/build.make CMakeFiles/cmTC_dd9d1.dir/build]
  ignore line: [Building CXX object CMakeFiles/cmTC_dd9d1.dir/CMakeCXXCompilerABI.cpp.o]
  ignore line: [/Library/Developer/CommandLineTools/usr/bin/c++      -o CMakeFiles/cmTC_dd9d1.dir/CMakeCXXCompilerABI.cpp.o -c /Applications/CMake.app/Contents/share/cmake-3.5/Modules/CMakeCXXCompilerABI.cpp]
  ignore line: [Linking CXX executable cmTC_dd9d1]
  ignore line: [/Applications/CMake.app/Contents/bin/cmake -E cmake_link_script CMakeFiles/cmTC_dd9d1.dir/link.txt --verbose=1]
  ignore line: [/Library/Developer/CommandLineTools/usr/bin/c++     -Wl,-search_paths_first -Wl,-headerpad_max_install_names  -v -Wl,-v CMakeFiles/cmTC_dd9d1.dir/CMakeCXXCompilerABI.cpp.o  -o cmTC_dd9d1   ]
  ignore line: [Apple LLVM version 7.3.0 (clang-703.0.29)]
  ignore line: [Target: x86_64-apple-darwin15.0.0]
  ignore line: [Thread model: posix]
  ignore line: [InstalledDir: /Library/Developer/CommandLineTools/usr/bin]
  link line: [ "/Library/Developer/CommandLineTools/usr/bin/ld" -demangle -dynamic -arch x86_64 -macosx_version_min 10.11.0 -o cmTC_dd9d1 -search_paths_first -headerpad_max_install_names -v CMakeFiles/cmTC_dd9d1.dir/CMakeCXXCompilerABI.cpp.o -lc++ -lSystem /Library/Developer/CommandLineTools/usr/bin/../lib/clang/7.3.0/lib/darwin/libclang_rt.osx.a]
    arg [/Library/Developer/CommandLineTools/usr/bin/ld] ==> ignore
    arg [-demangle] ==> ignore
    arg [-dynamic] ==> ignore
    arg [-arch] ==> ignore
    arg [x86_64] ==> ignore
    arg [-macosx_version_min] ==> ignore
    arg [10.11.0] ==> ignore
    arg [-o] ==> ignore
    arg [cmTC_dd9d1] ==> ignore
    arg [-search_paths_first] ==> ignore
    arg [-headerpad_max_install_names] ==> ignore
    arg [-v] ==> ignore
    arg [CMakeFiles/cmTC_dd9d1.dir/CMakeCXXCompilerABI.cpp.o] ==> ignore
    arg [-lc++] ==> lib [c++]
    arg [-lSystem] ==> lib [System]
    arg [/Library/Developer/CommandLineTools/usr/bin/../lib/clang/7.3.0/lib/darwin/libclang_rt.osx.a] ==> lib [/Library/Developer/CommandLineTools/usr/bin/../lib/clang/7.3.0/lib/darwin/libclang_rt.osx.a]
  Library search paths: [;/usr/lib]
  Framework search paths: [;/Library/Frameworks/;/System/Library/Frameworks/]
  remove lib [System]
  collapse lib [/Library/Developer/CommandLineTools/usr/bin/../lib/clang/7.3.0/lib/darwin/libclang_rt.osx.a] ==> [/Library/Developer/CommandLineTools/usr/lib/clang/7.3.0/lib/darwin/libclang_rt.osx.a]
  collapse library dir [/usr/lib] ==> [/usr/lib]
  collapse framework dir [/Library/Frameworks/] ==> [/Library/Frameworks]
  collapse framework dir [/System/Library/Frameworks/] ==> [/System/Library/Frameworks]
  implicit libs: [c++;/Library/Developer/CommandLineTools/usr/lib/clang/7.3.0/lib/darwin/libclang_rt.osx.a]
  implicit dirs: [/usr/lib]
  implicit fwks: [/Library/Frameworks;/System/Library/Frameworks]




Detecting CXX [-std=c++14] compiler features compiled with the following output:
Change Dir: /Users/Tom/Documents/university/software-project/CMakeFiles/CMakeTmp

Run Build Command:"/usr/bin/make" "cmTC_a0641/fast"
/Library/Developer/CommandLineTools/usr/bin/make -f CMakeFiles/cmTC_a0641.dir/build.make CMakeFiles/cmTC_a0641.dir/build
Building CXX object CMakeFiles/cmTC_a0641.dir/feature_tests.cxx.o
/Library/Developer/CommandLineTools/usr/bin/c++     -std=c++14 -o CMakeFiles/cmTC_a0641.dir/feature_tests.cxx.o -c /Users/Tom/Documents/university/software-project/CMakeFiles/feature_tests.cxx
Linking CXX executable cmTC_a0641
/Applications/CMake.app/Contents/bin/cmake -E cmake_link_script CMakeFiles/cmTC_a0641.dir/link.txt --verbose=1
/Library/Developer/CommandLineTools/usr/bin/c++     -Wl,-search_paths_first -Wl,-headerpad_max_install_names   CMakeFiles/cmTC_a0641.dir/feature_tests.cxx.o  -o cmTC_a0641  


    Feature record: CXX_FEATURE:1cxx_aggregate_default_initializers
    Feature record: CXX_FEATURE:1cxx_alias_templates
    Feature record: CXX_FEATURE:1cxx_alignas
    Feature record: CXX_FEATURE:1cxx_alignof
    Feature record: CXX_FEATURE:1cxx_attributes
    Feature record: CXX_FEATURE:1cxx_attribute_deprecated
    Feature record: CXX_FEATURE:1cxx_auto_type
    Feature record: CXX_FEATURE:1cxx_binary_literals
    Feature record: CXX_FEATURE:1cxx_constexpr
    Feature record: CXX_FEATURE:1cxx_contextual_conversions
    Feature record: CXX_FEATURE:1cxx_decltype
    Feature record: CXX_FEATURE:1cxx_decltype_auto
    Feature record: CXX_FEATURE:1cxx_decltype_incomplete_return_types
    Feature record: CXX_FEATURE:1cxx_default_function_template_args
    Feature record: CXX_FEATURE:1cxx_defaulted_functions
    Feature record: CXX_FEATURE:1cxx_defaulted_move_initializers
    Feature record: CXX_FEATURE:1cxx_delegating_constructors
    Feature record: CXX_FEATURE:1cxx_deleted_functions
    Feature record: CXX_FEATURE:1cxx_digit_separators
    Feature record: CXX_FEATURE:1cxx_enum_forward_declarations
    Feature record: CXX_FEATURE:1cxx_explicit_conversions
    Feature record: CXX_FEATURE:1cxx_extended_friend_declarations
    Feature record: CXX_FEATURE:1cxx_extern_templates
    Feature record: CXX_FEATURE:1cxx_final
    Feature record: CXX_FEATURE:1cxx_func_identifier
    Feature record: CXX_FEATURE:1cxx_generalized_initializers
    Feature record: CXX_FEATURE:1cxx_generic_lambdas
    Feature record: CXX_FEATURE:1cxx_inheriting_constructors
    Feature record: CXX_FEATURE:1cxx_inline_namespaces
    Feature record: CXX_FEATURE:1cxx_lambdas
    Feature record: CXX_FEATURE:1cxx_lambda_init_captures
    Feature record: CXX_FEATURE:1cxx_local_type_template_args
    Feature record: CXX_FEATURE:1cxx_long_long_type
    Feature record: CXX_FEATURE:1cxx_noexcept
    Feature record: CXX_FEATURE:1cxx_nonstatic_member_init
    Feature record: CXX_FEATURE:1cxx_nullptr
    Feature record: CXX_FEATURE:1cxx_override
    Feature record: CXX_FEATURE:1cxx_range_for
    Feature record: CXX_FEATURE:1cxx_raw_string_literals
    Feature record: CXX_FEATURE:1cxx_reference_qualified_functions
    Feature record: CXX_FEATURE:1cxx_relaxed_constexpr
    Feature record: CXX_FEATURE:1cxx_return_type_deduction
    Feature record: CXX_FEATURE:1cxx_right_angle_brackets
    Feature record: CXX_FEATURE:1cxx_rvalue_references
    Feature record: CXX_FEATURE:1cxx_sizeof_member
    Feature record: CXX_FEATURE:1cxx_static_assert
    Feature record: CXX_FEATURE:1cxx_strong_enums
    Feature record: CXX_FEATURE:1cxx_template_template_parameters
    Feature record: CXX_FEATURE:0cxx_thread_local
    Feature record: CXX_FEATURE:1cxx_trailing_return_types
    Feature record: CXX_FEATURE:1cxx_unicode_literals
    Feature record: CXX_FEATURE:1cxx_uniform_initialization
    Feature record: CXX_FEATURE:1cxx_unrestricted_unions
    Feature record: CXX_FEATURE:1cxx_user_literals
    Feature record: CXX_FEATURE:1cxx_variable_templates
    Feature record: CXX_FEATURE:1cxx_variadic_macros
    Feature record: CXX_FEATURE:1cxx_variadic_templates


Detecting CXX [-std=c++11] compiler features compiled with the following output:
Change Dir: /Users/Tom/Documents/university/software-project/CMakeFiles/CMakeTmp

Run Build Command:"/usr/bin/make" "cmTC_8caed/fast"
/Library/Developer/CommandLineTools/usr/bin/make -f CMakeFiles/cmTC_8caed.dir/build.make CMakeFiles/cmTC_8caed.dir/build
Building CXX object CMakeFiles/cmTC_8caed.dir/feature_tests.cxx.o
/Library/Developer/CommandLineTools/usr/bin/c++     -std=c++11 -o CMakeFiles/cmTC_8caed.dir/feature_tests.cxx.o -c /Users/Tom/Documents/university/software-project/CMakeFiles/feature_tests.cxx
Linking CXX executable cmTC_8caed
/Applications/CMake.app/Contents/bin/cmake -E cmake_link_script CMakeFiles/cmTC_8caed.dir/link.txt --verbose=1
/Library/Developer/CommandLineTools/usr/bin/c++     -Wl,-search_paths_first -Wl,-headerpad_max_install_names   CMakeFiles/cmTC_8caed.dir/feature_tests.cxx.o  -o cmTC_8caed  


    Feature record: CXX_FEATURE:0cxx_aggregate_default_initializers
    Feature record: CXX_FEATURE:1cxx_alias_templates
    Feature record: CXX_FEATURE:1cxx_alignas
    Feature record: CXX_FEATURE:1cxx_alignof
    Feature record: CXX_FEATURE:1cxx_attributes
    Feature record: CXX_FEATURE:0cxx_attribute_deprecated
    Feature record: CXX_FEATURE:1cxx_auto_type
    Feature record: CXX_FEATURE:0cxx_binary_literals
    Feature record: CXX_FEATURE:1cxx_constexpr
    Feature record: CXX_FEATURE:0cxx_contextual_conversions
    Feature record: CXX_FEATURE:1cxx_decltype
    Feature record: CXX_FEATURE:0cxx_decltype_auto
    Feature record: CXX_FEATURE:1cxx_decltype_incomplete_return_types
    Feature record: CXX_FEATURE:1cxx_default_function_template_args
    Feature record: CXX_FEATURE:1cxx_defaulted_functions
    Feature record: CXX_FEATURE:1cxx_defaulted_move_initializers
    Feature record: CXX_FEATURE:1cxx_delegating_constructors
    Feature record: CXX_FEATURE:1cxx_deleted_functions
    Feature record: CXX_FEATURE:0cxx_digit_separators
    Feature record: CXX_FEATURE:1cxx_enum_forward_declarations
    Feature record: CXX_FEATURE:1cxx_explicit_conversions
    Feature record: CXX_FEATURE:1cxx_extended_friend_declarations
    Feature record: CXX_FEATURE:1cxx_extern_templates
    Feature record: CXX_FEATURE:1cxx_final
    Feature record: CXX_FEATURE:1cxx_func_identifier
    Feature record: CXX_FEATURE:1cxx_generalized_initializers
    Feature record: CXX_FEATURE:0cxx_generic_lambdas
    Feature record: CXX_FEATURE:1cxx_inheriting_constructors
    Feature record: CXX_FEATURE:1cxx_inline_namespaces
    Feature record: CXX_FEATURE:1cxx_lambdas
    Feature record: CXX_FEATURE:0cxx_lambda_init_captures
    Feature record: CXX_FEATURE:1cxx_local_type_template_args
    Feature record: CXX_FEATURE:1cxx_long_long_type
    Feature record: CXX_FEATURE:1cxx_noexcept
    Feature record: CXX_FEATURE:1cxx_nonstatic_member_init
    Feature record: CXX_FEATURE:1cxx_nullptr
    Feature record: CXX_FEATURE:1cxx_override
    Feature record: CXX_FEATURE:1cxx_range_for
    Feature record: CXX_FEATURE:1cxx_raw_string_literals
    Feature record: CXX_FEATURE:1cxx_reference_qualified_functions
    Feature record: CXX_FEATURE:0cxx_relaxed_constexpr
    Feature record: CXX_FEATURE:0cxx_return_type_deduction
    Feature record: CXX_FEATURE:1cxx_right_angle_brackets
    Feature record: CXX_FEATURE:1cxx_rvalue_references
    Feature record: CXX_FEATURE:1cxx_sizeof_member
    Feature record: CXX_FEATURE:1cxx_static_assert
    Feature record: CXX_FEATURE:1cxx_strong_enums
    Feature record: CXX_FEATURE:1cxx_template_template_parameters
    Feature record: CXX_FEATURE:0cxx_thread_local
    Feature record: CXX_FEATURE:1cxx_trailing_return_types
    Feature record: CXX_FEATURE:1cxx_unicode_literals
    Feature record: CXX_FEATURE:1cxx_uniform_initialization
    Feature record: CXX_FEATURE:1cxx_unrestricted_unions
    Feature record: CXX_FEATURE:1cxx_user_literals
    Feature record: CXX_FEATURE:0cxx_variable_templates
    Feature record: CXX_FEATURE:1cxx_variadic_macros
    Feature record: CXX_FEATURE:1cxx_variadic_templates


Detecting CXX [-std=c++98] compiler features compiled with the following output:
Change Dir: /Users/Tom/Documents/university/software-project/CMakeFiles/CMakeTmp

Run Build Command:"/usr/bin/make" "cmTC_6eaf4/fast"
/Library/Developer/CommandLineTools/usr/bin/make -f CMakeFiles/cmTC_6eaf4.dir/build.make CMakeFiles/cmTC_6eaf4.dir/build
Building CXX object CMakeFiles/cmTC_6eaf4.dir/feature_tests.cxx.o
/Library/Developer/CommandLineTools/usr/bin/c++     -std=c++98 -o CMakeFiles/cmTC_6eaf4.dir/feature_tests.cxx.o -c /Users/Tom/Documents/university/software-project/CMakeFiles/feature_tests.cxx
Linking CXX executable cmTC_6eaf4
/Applications/CMake.app/Contents/bin/cmake -E cmake_link_script CMakeFiles/cmTC_6eaf4.dir/link.txt --verbose=1
/Library/Developer/CommandLineTools/usr/bin/c++     -Wl,-search_paths_first -Wl,-headerpad_max_install_names   CMakeFiles/cmTC_6eaf4.dir/feature_tests.cxx.o  -o cmTC_6eaf4  


    Feature record: CXX_FEATURE:0cxx_aggregate_default_initializers
    Feature record: CXX_FEATURE:0cxx_alias_templates
    Feature record: CXX_FEATURE:0cxx_alignas
    Feature record: CXX_FEATURE:0cxx_alignof
    Feature record: CXX_FEATURE:0cxx_attributes
    Feature record: CXX_FEATURE:0cxx_attribute_deprecated
    Feature record: CXX_FEATURE:0cxx_auto_type
    Feature record: CXX_FEATURE:0cxx_binary_literals
    Feature record: CXX_FEATURE:0cxx_constexpr
    Feature record: CXX_FEATURE:0cxx_contextual_conversions
    Feature record: CXX_FEATURE:0cxx_decltype
    Feature record: CXX_FEATURE:0cxx_decltype_auto
    Feature record: CXX_FEATURE:0cxx_decltype_incomplete_return_types
    Feature record: CXX_FEATURE:0cxx_default_function_template_args
    Feature record: CXX_FEATURE:0cxx_defaulted_functions
    Feature record: CXX_FEATURE:0cxx_defaulted_move_initializers
    Feature record: CXX_FEATURE:0cxx_delegating_constructors
    Feature record: CXX_FEATURE:0cxx_deleted_functions
    Feature record: CXX_FEATURE:0cxx_digit_separators
    Feature record: CXX_FEATURE:0cxx_enum_forward_declarations
    Feature record: CXX_FEATURE:0cxx_explicit_conversions
    Feature record: CXX_FEATURE:0cxx_extended_friend_declarations
    Feature record: CXX_FEATURE:0cxx_extern_templates
    Feature record: CXX_FEATURE:0cxx_final
    Feature record: CXX_FEATURE:0cxx_func_identifier
    Feature record: CXX_FEATURE:0cxx_generalized_initializers
    Feature record: CXX_FEATURE:0cxx_generic_lambdas
    Feature record: CXX_FEATURE:0cxx_inheriting_constructors
    Feature record: CXX_FEATURE:0cxx_inline_namespaces
    Feature record: CXX_FEATURE:0cxx_lambdas
    Feature record: CXX_FEATURE:0cxx_lambda_init_captures
    Feature record: CXX_FEATURE:0cxx_local_type_template_args
    Feature record: CXX_FEATURE:0cxx_long_long_type
    Feature record: CXX_FEATURE:0cxx_noexcept
    Feature record: CXX_FEATURE:0cxx_nonstatic_member_init
    Feature record: CXX_FEATURE:0cxx_nullptr
    Feature record: CXX_FEATURE:0cxx_override
    Feature record: CXX_FEATURE:0cxx_range_for
    Feature record: CXX_FEATURE:0cxx_raw_string_literals
    Feature record: CXX_FEATURE:0cxx_reference_qualified_functions
    Feature record: CXX_FEATURE:0cxx_relaxed_constexpr
    Feature record: CXX_FEATURE:0cxx_return_type_deduction
    Feature record: CXX_FEATURE:0cxx_right_angle_brackets
    Feature record: CXX_FEATURE:0cxx_rvalue_references
    Feature record: CXX_FEATURE:0cxx_sizeof_member
    Feature record: CXX_FEATURE:0cxx_static_assert
    Feature record: CXX_FEATURE:0cxx_strong_enums
    Feature record: CXX_FEATURE:1cxx_template_template_parameters
    Feature record: CXX_FEATURE:0cxx_thread_local
    Feature record: CXX_FEATURE:0cxx_trailing_return_types
    Feature record: CXX_FEATURE:0cxx_unicode_literals
    Feature record: CXX_FEATURE:0cxx_uniform_initialization
    Feature record: CXX_FEATURE:0cxx_unrestricted_unions
    Feature record: CXX_FEATURE:0cxx_user_literals
    Feature record: CXX_FEATURE:0cxx_variable_templates
    Feature record: CXX_FEATURE:0cxx_variadic_macros
    Feature record: CXX_FEATURE:0cxx_variadic_templates
Determining if the C compiler works passed with the following output:
Change Dir: /Users/Tom/Documents/university/software-project/CMakeFiles/CMakeTmp

Run Build Command:"/usr/bin/make" "cmTC_e4276/fast"
/Library/Developer/CommandLineTools/usr/bin/make -f CMakeFiles/cmTC_e4276.dir/build.make CMakeFiles/cmTC_e4276.dir/build
Building C object CMakeFiles/cmTC_e4276.dir/testCCompiler.c.o
/Library/Developer/CommandLineTools/usr/bin/cc     -o CMakeFiles/cmTC_e4276.dir/testCCompiler.c.o   -c /Users/Tom/Documents/university/software-project/CMakeFiles/CMakeTmp/testCCompiler.c
Linking C executable cmTC_e4276
/Applications/CMake.app/Contents/bin/cmake -E cmake_link_script CMakeFiles/cmTC_e4276.dir/link.txt --verbose=1
/Library/Developer/CommandLineTools/usr/bin/cc    -Wl,-search_paths_first -Wl,-headerpad_max_install_names   CMakeFiles/cmTC_e4276.dir/testCCompiler.c.o  -o cmTC_e4276  


Detecting C compiler ABI info compiled with the following output:
Change Dir: /Users/Tom/Documents/university/software-project/CMakeFiles/CMakeTmp

Run Build Command:"/usr/bin/make" "cmTC_94ab9/fast"
/Library/Developer/CommandLineTools/usr/bin/make -f CMakeFiles/cmTC_94ab9.dir/build.make CMakeFiles/cmTC_94ab9.dir/build
Building C object CMakeFiles/cmTC_94ab9.dir/CMakeCCompilerABI.c.o
/Library/Developer/CommandLineTools/usr/bin/cc     -o CMakeFiles/cmTC_94ab9.dir/CMakeCCompilerABI.c.o   -c /Applications/CMake.app/Contents/share/cmake-3.5/Modules/CMakeCCompilerABI.c
Linking C executable cmTC_94ab9
/Applications/CMake.app/Contents/bin/cmake -E cmake_link_script CMakeFiles/cmTC_94ab9.dir/link.txt --verbose=1
/Library/Developer/CommandLineTools/usr/bin/cc    -Wl,-search_paths_first -Wl,-headerpad_max_install_names  -v -Wl,-v CMakeFiles/cmTC_94ab9.dir/CMakeCCompilerABI.c.o  -o cmTC_94ab9   
Apple LLVM version 7.3.0 (clang-703.0.29)
Target: x86_64-apple-darwin15.0.0
Thread model: posix
InstalledDir: /Library/Developer/CommandLineTools/usr/bin
 "/Library/Developer/CommandLineTools/usr/bin/ld" -demangle -dynamic -arch x86_64 -macosx_version_min 10.11.0 -o cmTC_94ab9 -search_paths_first -headerpad_max_install_names -v CMakeFiles/cmTC_94ab9.dir/CMakeCCompilerABI.c.o -lSystem /Library/Developer/CommandLineTools/usr/bin/../lib/clang/7.3.0/lib/darwin/libclang_rt.osx.a
@(#)PROGRAM:ld  PROJECT:ld64-264.3.101
configured to support archs: armv6 armv7 armv7s arm64 i386 x86_64 x86_64h armv6m armv7k armv7m armv7em (tvOS)
Library search paths:
	/usr/lib
Framework search paths:
	/Library/Frameworks/
	/System/Library/Frameworks/


Parsed C implicit link information from above output:
  link line regex: [^( *|.*[/\])(ld|([^/\]+-)?ld|collect2)[^/\]*( |$)]
  ignore line: [Change Dir: /Users/Tom/Documents/university/software-project/CMakeFiles/CMakeTmp]
  ignore line: []
  ignore line: [Run Build Command:"/usr/bin/make" "cmTC_94ab9/fast"]
  ignore line: [/Library/Developer/CommandLineTools/usr/bin/make -f CMakeFiles/cmTC_94ab9.dir/build.make CMakeFiles/cmTC_94ab9.dir/build]
  ignore line: [Building C object CMakeFiles/cmTC_94ab9.dir/CMakeCCompilerABI.c.o]
  ignore line: [/Library/Developer/CommandLineTools/usr/bin/cc     -o CMakeFiles/cmTC_94ab9.dir/CMakeCCompilerABI.c.o   -c /Applications/CMake.app/Contents/share/cmake-3.5/Modules/CMakeCCompilerABI.c]
  ignore line: [Linking C executable cmTC_94ab9]
  ignore line: [/Applications/CMake.app/Contents/bin/cmake -E cmake_link_script CMakeFiles/cmTC_94ab9.dir/link.txt --verbose=1]
  ignore line: [/Library/Developer/CommandLineTools/usr/bin/cc    -Wl,-search_paths_first -Wl,-headerpad_max_install_names  -v -Wl,-v CMakeFiles/cmTC_94ab9.dir/CMakeCCompilerABI.c.o  -o cmTC_94ab9   ]
  ignore line: [Apple LLVM version 7.3.0 (clang-703.0.29)]
  ignore line: [Target: x86_64-apple-darwin15.0.0]
  ignore line: [Thread model: posix]
  ignore line: [InstalledDir: /Library/Developer/CommandLineTools/usr/bin]
  link line: [ "/Library/Developer/CommandLineTools/usr/bin/ld" -demangle -dynamic -arch x86_64 -macosx_version_min 10.11.0 -o cmTC_94ab9 -search_paths_first -headerpad_max_install_names -v CMakeFiles/cmTC_94ab9.dir/CMakeCCompilerABI.c.o -lSystem /Library/Developer/CommandLineTools/usr/bin/../lib/clang/7.3.0/lib/darwin/libclang_rt.osx.a]
    arg [/Library/Developer/CommandLineTools/usr/bin/ld] ==> ignore
    arg [-demangle] ==> ignore
    arg [-dynamic] ==> ignore
    arg [-arch] ==> ignore
    arg [x86_64] ==> ignore
    arg [-macosx_version_min] ==> ignore
    arg [10.11.0] ==> ignore
    arg [-o] ==> ignore
    arg [cmTC_94ab9] ==> ignore
    arg [-search_paths_first] ==> ignore
    arg [-headerpad_max_install_names] ==> ignore
    arg [-v] ==> ignore
    arg [CMakeFiles/cmTC_94ab9.dir/CMakeCCompilerABI.c.o] ==> ignore
    arg [-lSystem] ==> lib [System]
    arg [/Library/Developer/CommandLineTools/usr/bin/../lib/clang/7.3.0/lib/darwin/libclang_rt.osx.a] ==> lib [/Library/Developer/CommandLineTools/usr/bin/../lib/clang/7.3.0/lib/darwin/libclang_rt.osx.a]
  Library search paths: [;/usr/lib]
  Framework search paths: [;/Library/Frameworks/;/System/Library/Frameworks/]
  remove lib [System]
  collapse lib [/Library/Developer/CommandLineTools/usr/bin/../lib/clang/7.3.0/lib/darwin/libclang_rt.osx.a] ==> [/Library/Developer/CommandLineTools/usr/lib/clang/7.3.0/lib/darwin/libclang_rt.osx.a]
  collapse library dir [/usr/lib] ==> [/usr/lib]
  collapse framework dir [/Library/Frameworks/] ==> [/Library/Frameworks]
  collapse framework dir [/System/Library/Frameworks/] ==> [/System/Library/Frameworks]
  implicit libs: [/Library/Developer/CommandLineTools/usr/lib/clang/7.3.0/lib/darwin/libclang_rt.osx.a]
  implicit dirs: [/usr/lib]
  implicit fwks: [/Library/Frameworks;/System/Library/Frameworks]




Detecting C [-std=c11] compiler features compiled with the following output:
Change Dir: /Users/Tom/Documents/university/software-project/CMakeFiles/CMakeTmp

Run Build Command:"/usr/bin/make" "cmTC_425a0/fast"
/Library/Developer/CommandLineTools/usr/bin/make -f CMakeFiles/cmTC_425a0.dir/build.make CMakeFiles/cmTC_425a0.dir/build
Building C object CMakeFiles/cmTC_425a0.dir/feature_tests.c.o
/Library/Developer/CommandLineTools/usr/bin/cc    -std=c11 -o CMakeFiles/cmTC_425a0.dir/feature_tests.c.o   -c /Users/Tom/Documents/university/software-project/CMakeFiles/feature_tests.c
Linking C executable cmTC_425a0
/Applications/CMake.app/Contents/bin/cmake -E cmake_link_script CMakeFiles/cmTC_425a0.dir/link.txt --verbose=1
/Library/Developer/CommandLineTools/usr/bin/cc    -Wl,-search_paths_first -Wl,-headerpad_max_install_names   CMakeFiles/cmTC_425a0.dir/feature_tests.c.o  -o cmTC_425a0  


    Feature record: C_FEATURE:1c_function_prototypes
    Feature record: C_FEATURE:1c_restrict
    Feature record: C_FEATURE:1c_static_assert
    Feature record: C_FEATURE:1c_variadic_macros


Detecting C [-std=c99] compiler features compiled with the following output:
Change Dir: /Users/Tom/Documents/university/software-project/CMakeFiles/CMakeTmp

Run Build Command:"/usr/bin/make" "cmTC_9263a/fast"
/Library/Developer/CommandLineTools/usr/bin/make -f CMakeFiles/cmTC_9263a.dir/build.make CMakeFiles/cmTC_9263a.dir/build
Building C object CMakeFiles/cmTC_9263a.dir/feature_tests.c.o
/Library/Developer/CommandLineTools/usr/bin/cc    -std=c99 -o CMakeFiles/cmTC_9263a.dir/feature_tests.c.o   -c /Users/Tom/Documents/university/software-project/CMakeFiles/feature_tests.c
Linking C executable cmTC_9263a
/Applications/CMake.app/Contents/bin/cmake -E cmake_link_script CMakeFiles/cmTC_9263a.dir/link.txt --verbose=1
/Library/Developer/CommandLineTools/usr/bin/cc    -Wl,-search_paths_first -Wl,-headerpad_max_install_names   CMakeFiles/cmTC_9263a.dir/feature_tests.c.o  -o cmTC_9263a  


    Feature record: C_FEATURE:1c_function_prototypes
    Feature record: C_FEATURE:1c_restrict
    Feature record: C_FEATURE:0c_static_assert
    Feature record: C_FEATURE:1c_variadic_macros


Detecting C [-std=c90] compiler features compiled with the following output:
Change Dir: /Users/Tom/Documents/university/software-project/CMakeFiles/CMakeTmp

Run Build Command:"/usr/bin/make" "cmTC_b0988/fast"
/Library/Developer/CommandLineTools/usr/bin/make -f CMakeFiles/cmTC_b0988.dir/build.make CMakeFiles/cmTC_b0988.dir/build
Building C object CMakeFiles/cmTC_b0988.dir/feature_tests.c.o
/Library/Developer/CommandLineTools/usr/bin/cc    -std=c90 -o CMakeFiles/cmTC_b0988.dir/feature_tests.c.o   -c /Users/Tom/Documents/university/software-project/CMakeFiles/feature_tests.c
Linking C executable cmTC_b0988
/Applications/CMake.app/Contents/bin/cmake -E cmake_link_script CMakeFiles/cmTC_b0988.dir/link.txt --verbose=1
/Library/Developer/CommandLineTools/usr/bin/cc    -Wl,-search_paths_first -Wl,-headerpad_max_install_names   CMakeFiles/cmTC_b0988.dir/feature_tests.c.o  -o cmTC_b0988  


    Feature record: C_FEATURE:1c_function_prototypes
    Feature record: C_FEATURE:0c_restrict
    Feature record: C_FEATURE:0c_static_assert
    Feature record: C_FEATURE:0c_variadic_macros
Determining if the include file sys/types.h exists passed with the following output:
Change Dir: /Users/Tom/Documents/university/software-project/CMakeFiles/CMakeTmp

Run Build Command:"/usr/bin/make" "cmTC_5aa33/fast"
/Library/Developer/CommandLineTools/usr/bin/make -f CMakeFiles/cmTC_5aa33.dir/build.make CMakeFiles/cmTC_5aa33.dir/build
Building C object CMakeFiles/cmTC_5aa33.dir/CheckIncludeFile.c.o
/Library/Developer/CommandLineTools/usr/bin/cc    -fsigned-char -W -Werror=return-type -Werror=non-virtual-dtor -Werror=address -Werror=sequence-point -Wformat -Werror=format-security -Wmissing-declarations -Wmissing-prototypes -Wstrict-prototypes -Wundef -Winit-self -Wpointer-arith -Wshadow -Wsign-promo -Wno-narrowing -Wno-delete-non-virtual-dtor -Wno-unnamed-type-template-args -fdiagnostics-show-option -Wno-long-long -Qunused-arguments -Wno-semicolon-before-method-body -fno-omit-frame-pointer -msse -msse2 -mno-avx -msse3 -mno-ssse3 -mno-sse4.1 -mno-sse4.2 -fvisibility=hidden -fvisibility-inlines-hidden  -O3 -DNDEBUG   -o CMakeFiles/cmTC_5aa33.dir/CheckIncludeFile.c.o   -c /Users/Tom/Documents/university/software-project/CMakeFiles/CMakeTmp/CheckIncludeFile.c
Linking C executable cmTC_5aa33
/Applications/CMake.app/Contents/bin/cmake -E cmake_link_script CMakeFiles/cmTC_5aa33.dir/link.txt --verbose=1
/Library/Developer/CommandLineTools/usr/bin/cc     -fsigned-char -W -Werror=return-type -Werror=non-virtual-dtor -Werror=address -Werror=sequence-point -Wformat -Werror=format-security -Wmissing-declarations -Wmissing-prototypes -Wstrict-prototypes -Wundef -Winit-self -Wpointer-arith -Wshadow -Wsign-promo -Wno-narrowing -Wno-delete-non-virtual-dtor -Wno-unnamed-type-template-args -fdiagnostics-show-option -Wno-long-long -Qunused-arguments -Wno-semicolon-before-method-body -fno-omit-frame-pointer -msse -msse2 -mno-avx -msse3 -mno-ssse3 -mno-sse4.1 -mno-sse4.2 -fvisibility=hidden -fvisibility-inlines-hidden  -O3 -DNDEBUG -Wl,-search_paths_first -Wl,-headerpad_max_install_names   CMakeFiles/cmTC_5aa33.dir/CheckIncludeFile.c.o  -o cmTC_5aa33  


Determining if the include file stdint.h exists passed with the following output:
Change Dir: /Users/Tom/Documents/university/software-project/CMakeFiles/CMakeTmp

Run Build Command:"/usr/bin/make" "cmTC_bda88/fast"
/Library/Developer/CommandLineTools/usr/bin/make -f CMakeFiles/cmTC_bda88.dir/build.make CMakeFiles/cmTC_bda88.dir/build
Building C object CMakeFiles/cmTC_bda88.dir/CheckIncludeFile.c.o
/Library/Developer/CommandLineTools/usr/bin/cc    -fsigned-char -W -Werror=return-type -Werror=non-virtual-dtor -Werror=address -Werror=sequence-point -Wformat -Werror=format-security -Wmissing-declarations -Wmissing-prototypes -Wstrict-prototypes -Wundef -Winit-self -Wpointer-arith -Wshadow -Wsign-promo -Wno-narrowing -Wno-delete-non-virtual-dtor -Wno-unnamed-type-template-args -fdiagnostics-show-option -Wno-long-long -Qunused-arguments -Wno-semicolon-before-method-body -fno-omit-frame-pointer -msse -msse2 -mno-avx -msse3 -mno-ssse3 -mno-sse4.1 -mno-sse4.2 -fvisibility=hidden -fvisibility-inlines-hidden  -O3 -DNDEBUG   -o CMakeFiles/cmTC_bda88.dir/CheckIncludeFile.c.o   -c /Users/Tom/Documents/university/software-project/CMakeFiles/CMakeTmp/CheckIncludeFile.c
Linking C executable cmTC_bda88
/Applications/CMake.app/Contents/bin/cmake -E cmake_link_script CMakeFiles/cmTC_bda88.dir/link.txt --verbose=1
/Library/Developer/CommandLineTools/usr/bin/cc     -fsigned-char -W -Werror=return-type -Werror=non-virtual-dtor -Werror=address -Werror=sequence-point -Wformat -Werror=format-security -Wmissing-declarations -Wmissing-prototypes -Wstrict-prototypes -Wundef -Winit-self -Wpointer-arith -Wshadow -Wsign-promo -Wno-narrowing -Wno-delete-non-virtual-dtor -Wno-unnamed-type-template-args -fdiagnostics-show-option -Wno-long-long -Qunused-arguments -Wno-semicolon-before-method-body -fno-omit-frame-pointer -msse -msse2 -mno-avx -msse3 -mno-ssse3 -mno-sse4.1 -mno-sse4.2 -fvisibility=hidden -fvisibility-inlines-hidden  -O3 -DNDEBUG -Wl,-search_paths_first -Wl,-headerpad_max_install_names   CMakeFiles/cmTC_bda88.dir/CheckIncludeFile.c.o  -o cmTC_bda88  


Determining if the include file stddef.h exists passed with the following output:
Change Dir: /Users/Tom/Documents/university/software-project/CMakeFiles/CMakeTmp

Run Build Command:"/usr/bin/make" "cmTC_a4e43/fast"
/Library/Developer/CommandLineTools/usr/bin/make -f CMakeFiles/cmTC_a4e43.dir/build.make CMakeFiles/cmTC_a4e43.dir/build
Building C object CMakeFiles/cmTC_a4e43.dir/CheckIncludeFile.c.o
/Library/Developer/CommandLineTools/usr/bin/cc    -fsigned-char -W -Werror=return-type -Werror=non-virtual-dtor -Werror=address -Werror=sequence-point -Wformat -Werror=format-security -Wmissing-declarations -Wmissing-prototypes -Wstrict-prototypes -Wundef -Winit-self -Wpointer-arith -Wshadow -Wsign-promo -Wno-narrowing -Wno-delete-non-virtual-dtor -Wno-unnamed-type-template-args -fdiagnostics-show-option -Wno-long-long -Qunused-arguments -Wno-semicolon-before-method-body -fno-omit-frame-pointer -msse -msse2 -mno-avx -msse3 -mno-ssse3 -mno-sse4.1 -mno-sse4.2 -fvisibility=hidden -fvisibility-inlines-hidden  -O3 -DNDEBUG   -o CMakeFiles/cmTC_a4e43.dir/CheckIncludeFile.c.o   -c /Users/Tom/Documents/university/software-project/CMakeFiles/CMakeTmp/CheckIncludeFile.c
Linking C executable cmTC_a4e43
/Applications/CMake.app/Contents/bin/cmake -E cmake_link_script CMakeFiles/cmTC_a4e43.dir/link.txt --verbose=1
/Library/Developer/CommandLineTools/usr/bin/cc     -fsigned-char -W -Werror=return-type -Werror=non-virtual-dtor -Werror=address -Werror=sequence-point -Wformat -Werror=format-security -Wmissing-declarations -Wmissing-prototypes -Wstrict-prototypes -Wundef -Winit-self -Wpointer-arith -Wshadow -Wsign-promo -Wno-narrowing -Wno-delete-non-virtual-dtor -Wno-unnamed-type-template-args -fdiagnostics-show-option -Wno-long-long -Qunused-arguments -Wno-semicolon-before-method-body -fno-omit-frame-pointer -msse -msse2 -mno-avx -msse3 -mno-ssse3 -mno-sse4.1 -mno-sse4.2 -fvisibility=hidden -fvisibility-inlines-hidden  -O3 -DNDEBUG -Wl,-search_paths_first -Wl,-headerpad_max_install_names   CMakeFiles/cmTC_a4e43.dir/CheckIncludeFile.c.o  -o cmTC_a4e43  


Determining size of unsigned short passed with the following output:
Change Dir: /Users/Tom/Documents/university/software-project/CMakeFiles/CMakeTmp

Run Build Command:"/usr/bin/make" "cmTC_7f6bf/fast"
/Library/Developer/CommandLineTools/usr/bin/make -f CMakeFiles/cmTC_7f6bf.dir/build.make CMakeFiles/cmTC_7f6bf.dir/build
Building C object CMakeFiles/cmTC_7f6bf.dir/CMAKE_SIZEOF_UNSIGNED_SHORT.c.o
/Library/Developer/CommandLineTools/usr/bin/cc    -fsigned-char -W -Werror=return-type -Werror=non-virtual-dtor -Werror=address -Werror=sequence-point -Wformat -Werror=format-security -Wmissing-declarations -Wmissing-prototypes -Wstrict-prototypes -Wundef -Winit-self -Wpointer-arith -Wshadow -Wsign-promo -Wno-narrowing -Wno-delete-non-virtual-dtor -Wno-unnamed-type-template-args -fdiagnostics-show-option -Wno-long-long -Qunused-arguments -Wno-semicolon-before-method-body -fno-omit-frame-pointer -msse -msse2 -mno-avx -msse3 -mno-ssse3 -mno-sse4.1 -mno-sse4.2 -fvisibility=hidden -fvisibility-inlines-hidden  -O3 -DNDEBUG   -o CMakeFiles/cmTC_7f6bf.dir/CMAKE_SIZEOF_UNSIGNED_SHORT.c.o   -c /Users/Tom/Documents/university/software-project/CMakeFiles/CheckTypeSize/CMAKE_SIZEOF_UNSIGNED_SHORT.c
Linking C executable cmTC_7f6bf
/Applications/CMake.app/Contents/bin/cmake -E cmake_link_script CMakeFiles/cmTC_7f6bf.dir/link.txt --verbose=1
/Library/Developer/CommandLineTools/usr/bin/cc     -fsigned-char -W -Werror=return-type -Werror=non-virtual-dtor -Werror=address -Werror=sequence-point -Wformat -Werror=format-security -Wmissing-declarations -Wmissing-prototypes -Wstrict-prototypes -Wundef -Winit-self -Wpointer-arith -Wshadow -Wsign-promo -Wno-narrowing -Wno-delete-non-virtual-dtor -Wno-unnamed-type-template-args -fdiagnostics-show-option -Wno-long-long -Qunused-arguments -Wno-semicolon-before-method-body -fno-omit-frame-pointer -msse -msse2 -mno-avx -msse3 -mno-ssse3 -mno-sse4.1 -mno-sse4.2 -fvisibility=hidden -fvisibility-inlines-hidden  -O3 -DNDEBUG -Wl,-search_paths_first -Wl,-headerpad_max_install_names   CMakeFiles/cmTC_7f6bf.dir/CMAKE_SIZEOF_UNSIGNED_SHORT.c.o  -o cmTC_7f6bf  


Determining if the function fseeko exists passed with the following output:
Change Dir: /Users/Tom/Documents/university/software-project/CMakeFiles/CMakeTmp

Run Build Command:"/usr/bin/make" "cmTC_13b6f/fast"
/Library/Developer/CommandLineTools/usr/bin/make -f CMakeFiles/cmTC_13b6f.dir/build.make CMakeFiles/cmTC_13b6f.dir/build
Building C object CMakeFiles/cmTC_13b6f.dir/CheckFunctionExists.c.o
/Library/Developer/CommandLineTools/usr/bin/cc    -fsigned-char -W -Werror=return-type -Werror=non-virtual-dtor -Werror=address -Werror=sequence-point -Wformat -Werror=format-security -Wmissing-declarations -Wmissing-prototypes -Wstrict-prototypes -Wundef -Winit-self -Wpointer-arith -Wshadow -Wsign-promo -Wno-narrowing -Wno-delete-non-virtual-dtor -Wno-unnamed-type-template-args -fdiagnostics-show-option -Wno-long-long -Qunused-arguments -Wno-semicolon-before-method-body -fno-omit-frame-pointer -msse -msse2 -mno-avx -msse3 -mno-ssse3 -mno-sse4.1 -mno-sse4.2 -fvisibility=hidden -fvisibility-inlines-hidden -DCHECK_FUNCTION_EXISTS=fseeko -O3 -DNDEBUG   -o CMakeFiles/cmTC_13b6f.dir/CheckFunctionExists.c.o   -c /Applications/CMake.app/Contents/share/cmake-3.5/Modules/CheckFunctionExists.c
Linking C executable cmTC_13b6f
/Applications/CMake.app/Contents/bin/cmake -E cmake_link_script CMakeFiles/cmTC_13b6f.dir/link.txt --verbose=1
/Library/Developer/CommandLineTools/usr/bin/cc     -fsigned-char -W -Werror=return-type -Werror=non-virtual-dtor -Werror=address -Werror=sequence-point -Wformat -Werror=format-security -Wmissing-declarations -Wmissing-prototypes -Wstrict-prototypes -Wundef -Winit-self -Wpointer-arith -Wshadow -Wsign-promo -Wno-narrowing -Wno-delete-non-virtual-dtor -Wno-unnamed-type-template-args -fdiagnostics-show-option -Wno-long-long -Qunused-arguments -Wno-semicolon-before-method-body -fno-omit-frame-pointer -msse -msse2 -mno-avx -msse3 -mno-ssse3 -mno-sse4.1 -mno-sse4.2 -fvisibility=hidden -fvisibility-inlines-hidden -DCHECK_FUNCTION_EXISTS=fseeko -O3 -DNDEBUG -Wl,-search_paths_first -Wl,-headerpad_max_install_names   CMakeFiles/cmTC_13b6f.dir/CheckFunctionExists.c.o  -o cmTC_13b6f  


Determining if the include file unistd.h exists passed with the following output:
Change Dir: /Users/Tom/Documents/university/software-project/CMakeFiles/CMakeTmp

Run Build Command:"/usr/bin/make" "cmTC_fd40b/fast"
/Library/Developer/CommandLineTools/usr/bin/make -f CMakeFiles/cmTC_fd40b.dir/build.make CMakeFiles/cmTC_fd40b.dir/build
Building C object CMakeFiles/cmTC_fd40b.dir/CheckIncludeFile.c.o
/Library/Developer/CommandLineTools/usr/bin/cc    -fsigned-char -W -Werror=return-type -Werror=non-virtual-dtor -Werror=address -Werror=sequence-point -Wformat -Werror=format-security -Wmissing-declarations -Wmissing-prototypes -Wstrict-prototypes -Wundef -Winit-self -Wpointer-arith -Wshadow -Wsign-promo -Wno-narrowing -Wno-delete-non-virtual-dtor -Wno-unnamed-type-template-args -fdiagnostics-show-option -Wno-long-long -Qunused-arguments -Wno-semicolon-before-method-body -fno-omit-frame-pointer -msse -msse2 -mno-avx -msse3 -mno-ssse3 -mno-sse4.1 -mno-sse4.2 -fvisibility=hidden -fvisibility-inlines-hidden  -O3 -DNDEBUG   -o CMakeFiles/cmTC_fd40b.dir/CheckIncludeFile.c.o   -c /Users/Tom/Documents/university/software-project/CMakeFiles/CMakeTmp/CheckIncludeFile.c
Linking C executable cmTC_fd40b
/Applications/CMake.app/Contents/bin/cmake -E cmake_link_script CMakeFiles/cmTC_fd40b.dir/link.txt --verbose=1
/Library/Developer/CommandLineTools/usr/bin/cc     -fsigned-char -W -Werror=return-type -Werror=non-virtual-dtor -Werror=address -Werror=sequence-point -Wformat -Werror=format-security -Wmissing-declarations -Wmissing-prototypes -Wstrict-prototypes -Wundef -Winit-self -Wpointer-arith -Wshadow -Wsign-promo -Wno-narrowing -Wno-delete-non-virtual-dtor -Wno-unnamed-type-template-args -fdiagnostics-show-option -Wno-long-long -Qunused-arguments -Wno-semicolon-before-method-body -fno-omit-frame-pointer -msse -msse2 -mno-avx -msse3 -mno-ssse3 -mno-sse4.1 -mno-sse4.2 -fvisibility=hidden -fvisibility-inlines-hidden  -O3 -DNDEBUG -Wl,-search_paths_first -Wl,-headerpad_max_install_names   CMakeFiles/cmTC_fd40b.dir/CheckIncludeFile.c.o  -o cmTC_fd40b  


Determining if the include file assert.h exists passed with the following output:
Change Dir: /Users/Tom/Documents/university/software-project/CMakeFiles/CMakeTmp

Run Build Command:"/usr/bin/make" "cmTC_178b4/fast"
/Library/Developer/CommandLineTools/usr/bin/make -f CMakeFiles/cmTC_178b4.dir/build.make CMakeFiles/cmTC_178b4.dir/build
Building C object CMakeFiles/cmTC_178b4.dir/CheckIncludeFile.c.o
/Library/Developer/CommandLineTools/usr/bin/cc    -fsigned-char -W -Werror=return-type -Werror=non-virtual-dtor -Werror=address -Werror=sequence-point -Wformat -Werror=format-security -Wmissing-declarations -Wmissing-prototypes -Wstrict-prototypes -Wundef -Winit-self -Wpointer-arith -Wshadow -Wsign-promo -Wno-narrowing -Wno-delete-non-virtual-dtor -Wno-unnamed-type-template-args -fdiagnostics-show-option -Wno-long-long -Qunused-arguments -Wno-semicolon-before-method-body -fno-omit-frame-pointer -msse -msse2 -mno-avx -msse3 -mno-ssse3 -mno-sse4.1 -mno-sse4.2 -fvisibility=hidden -fvisibility-inlines-hidden  -O3 -DNDEBUG   -o CMakeFiles/cmTC_178b4.dir/CheckIncludeFile.c.o   -c /Users/Tom/Documents/university/software-project/CMakeFiles/CMakeTmp/CheckIncludeFile.c
Linking C executable cmTC_178b4
/Applications/CMake.app/Contents/bin/cmake -E cmake_link_script CMakeFiles/cmTC_178b4.dir/link.txt --verbose=1
/Library/Developer/CommandLineTools/usr/bin/cc     -fsigned-char -W -Werror=return-type -Werror=non-virtual-dtor -Werror=address -Werror=sequence-point -Wformat -Werror=format-security -Wmissing-declarations -Wmissing-prototypes -Wstrict-prototypes -Wundef -Winit-self -Wpointer-arith -Wshadow -Wsign-promo -Wno-narrowing -Wno-delete-non-virtual-dtor -Wno-unnamed-type-template-args -fdiagnostics-show-option -Wno-long-long -Qunused-arguments -Wno-semicolon-before-method-body -fno-omit-frame-pointer -msse -msse2 -mno-avx -msse3 -mno-ssse3 -mno-sse4.1 -mno-sse4.2 -fvisibility=hidden -fvisibility-inlines-hidden  -O3 -DNDEBUG -Wl,-search_paths_first -Wl,-headerpad_max_install_names   CMakeFiles/cmTC_178b4.dir/CheckIncludeFile.c.o  -o cmTC_178b4  


Determining if the include file fcntl.h exists passed with the following output:
Change Dir: /Users/Tom/Documents/university/software-project/CMakeFiles/CMakeTmp

Run Build Command:"/usr/bin/make" "cmTC_ca1fd/fast"
/Library/Developer/CommandLineTools/usr/bin/make -f CMakeFiles/cmTC_ca1fd.dir/build.make CMakeFiles/cmTC_ca1fd.dir/build
Building C object CMakeFiles/cmTC_ca1fd.dir/CheckIncludeFile.c.o
/Library/Developer/CommandLineTools/usr/bin/cc    -fsigned-char -W -Werror=return-type -Werror=non-virtual-dtor -Werror=address -Werror=sequence-point -Wformat -Werror=format-security -Wmissing-declarations -Wmissing-prototypes -Wstrict-prototypes -Wundef -Winit-self -Wpointer-arith -Wshadow -Wsign-promo -Wno-narrowing -Wno-delete-non-virtual-dtor -Wno-unnamed-type-template-args -fdiagnostics-show-option -Wno-long-long -Qunused-arguments -Wno-semicolon-before-method-body -fno-omit-frame-pointer -msse -msse2 -mno-avx -msse3 -mno-ssse3 -mno-sse4.1 -mno-sse4.2 -fvisibility=hidden -fvisibility-inlines-hidden  -O3 -DNDEBUG   -o CMakeFiles/cmTC_ca1fd.dir/CheckIncludeFile.c.o   -c /Users/Tom/Documents/university/software-project/CMakeFiles/CMakeTmp/CheckIncludeFile.c
Linking C executable cmTC_ca1fd
/Applications/CMake.app/Contents/bin/cmake -E cmake_link_script CMakeFiles/cmTC_ca1fd.dir/link.txt --verbose=1
/Library/Developer/CommandLineTools/usr/bin/cc     -fsigned-char -W -Werror=return-type -Werror=non-virtual-dtor -Werror=address -Werror=sequence-point -Wformat -Werror=format-security -Wmissing-declarations -Wmissing-prototypes -Wstrict-prototypes -Wundef -Winit-self -Wpointer-arith -Wshadow -Wsign-promo -Wno-narrowing -Wno-delete-non-virtual-dtor -Wno-unnamed-type-template-args -fdiagnostics-show-option -Wno-long-long -Qunused-arguments -Wno-semicolon-before-method-body -fno-omit-frame-pointer -msse -msse2 -mno-avx -msse3 -mno-ssse3 -mno-sse4.1 -mno-sse4.2 -fvisibility=hidden -fvisibility-inlines-hidden  -O3 -DNDEBUG -Wl,-search_paths_first -Wl,-headerpad_max_install_names   CMakeFiles/cmTC_ca1fd.dir/CheckIncludeFile.c.o  -o cmTC_ca1fd  


Determining if the function mmap exists passed with the following output:
Change Dir: /Users/Tom/Documents/university/software-project/CMakeFiles/CMakeTmp

Run Build Command:"/usr/bin/make" "cmTC_00167/fast"
/Library/Developer/CommandLineTools/usr/bin/make -f CMakeFiles/cmTC_00167.dir/build.make CMakeFiles/cmTC_00167.dir/build
Building C object CMakeFiles/cmTC_00167.dir/CheckFunctionExists.c.o
/Library/Developer/CommandLineTools/usr/bin/cc    -fsigned-char -W -Werror=return-type -Werror=non-virtual-dtor -Werror=address -Werror=sequence-point -Wformat -Werror=format-security -Wmissing-declarations -Wmissing-prototypes -Wstrict-prototypes -Wundef -Winit-self -Wpointer-arith -Wshadow -Wsign-promo -Wno-narrowing -Wno-delete-non-virtual-dtor -Wno-unnamed-type-template-args -fdiagnostics-show-option -Wno-long-long -Qunused-arguments -Wno-semicolon-before-method-body -fno-omit-frame-pointer -msse -msse2 -mno-avx -msse3 -mno-ssse3 -mno-sse4.1 -mno-sse4.2 -fvisibility=hidden -fvisibility-inlines-hidden -DCHECK_FUNCTION_EXISTS=mmap -O3 -DNDEBUG   -o CMakeFiles/cmTC_00167.dir/CheckFunctionExists.c.o   -c /Applications/CMake.app/Contents/share/cmake-3.5/Modules/CheckFunctionExists.c
Linking C executable cmTC_00167
/Applications/CMake.app/Contents/bin/cmake -E cmake_link_script CMakeFiles/cmTC_00167.dir/link.txt --verbose=1
/Library/Developer/CommandLineTools/usr/bin/cc     -fsigned-char -W -Werror=return-type -Werror=non-virtual-dtor -Werror=address -Werror=sequence-point -Wformat -Werror=format-security -Wmissing-declarations -Wmissing-prototypes -Wstrict-prototypes -Wundef -Winit-self -Wpointer-arith -Wshadow -Wsign-promo -Wno-narrowing -Wno-delete-non-virtual-dtor -Wno-unnamed-type-template-args -fdiagnostics-show-option -Wno-long-long -Qunused-arguments -Wno-semicolon-before-method-body -fno-omit-frame-pointer -msse -msse2 -mno-avx -msse3 -mno-ssse3 -mno-sse4.1 -mno-sse4.2 -fvisibility=hidden -fvisibility-inlines-hidden -DCHECK_FUNCTION_EXISTS=mmap -O3 -DNDEBUG -Wl,-search_paths_first -Wl,-headerpad_max_install_names   CMakeFiles/cmTC_00167.dir/CheckFunctionExists.c.o  -o cmTC_00167  


Determining if the include file search.h exists passed with the following output:
Change Dir: /Users/Tom/Documents/university/software-project/CMakeFiles/CMakeTmp

Run Build Command:"/usr/bin/make" "cmTC_e77c6/fast"
/Library/Developer/CommandLineTools/usr/bin/make -f CMakeFiles/cmTC_e77c6.dir/build.make CMakeFiles/cmTC_e77c6.dir/build
Building C object CMakeFiles/cmTC_e77c6.dir/CheckIncludeFile.c.o
/Library/Developer/CommandLineTools/usr/bin/cc    -fsigned-char -W -Werror=return-type -Werror=non-virtual-dtor -Werror=address -Werror=sequence-point -Wformat -Werror=format-security -Wmissing-declarations -Wmissing-prototypes -Wstrict-prototypes -Wundef -Winit-self -Wpointer-arith -Wshadow -Wsign-promo -Wno-narrowing -Wno-delete-non-virtual-dtor -Wno-unnamed-type-template-args -fdiagnostics-show-option -Wno-long-long -Qunused-arguments -Wno-semicolon-before-method-body -fno-omit-frame-pointer -msse -msse2 -mno-avx -msse3 -mno-ssse3 -mno-sse4.1 -mno-sse4.2 -fvisibility=hidden -fvisibility-inlines-hidden  -O3 -DNDEBUG   -o CMakeFiles/cmTC_e77c6.dir/CheckIncludeFile.c.o   -c /Users/Tom/Documents/university/software-project/CMakeFiles/CMakeTmp/CheckIncludeFile.c
Linking C executable cmTC_e77c6
/Applications/CMake.app/Contents/bin/cmake -E cmake_link_script CMakeFiles/cmTC_e77c6.dir/link.txt --verbose=1
/Library/Developer/CommandLineTools/usr/bin/cc     -fsigned-char -W -Werror=return-type -Werror=non-virtual-dtor -Werror=address -Werror=sequence-point -Wformat -Werror=format-security -Wmissing-declarations -Wmissing-prototypes -Wstrict-prototypes -Wundef -Winit-self -Wpointer-arith -Wshadow -Wsign-promo -Wno-narrowing -Wno-delete-non-virtual-dtor -Wno-unnamed-type-template-args -fdiagnostics-show-option -Wno-long-long -Qunused-arguments -Wno-semicolon-before-method-body -fno-omit-frame-pointer -msse -msse2 -mno-avx -msse3 -mno-ssse3 -mno-sse4.1 -mno-sse4.2 -fvisibility=hidden -fvisibility-inlines-hidden  -O3 -DNDEBUG -Wl,-search_paths_first -Wl,-headerpad_max_install_names   CMakeFiles/cmTC_e77c6.dir/CheckIncludeFile.c.o  -o cmTC_e77c6  


Determining if the include file string.h exists passed with the following output:
Change Dir: /Users/Tom/Documents/university/software-project/CMakeFiles/CMakeTmp

Run Build Command:"/usr/bin/make" "cmTC_7a892/fast"
/Library/Developer/CommandLineTools/usr/bin/make -f CMakeFiles/cmTC_7a892.dir/build.make CMakeFiles/cmTC_7a892.dir/build
Building C object CMakeFiles/cmTC_7a892.dir/CheckIncludeFile.c.o
/Library/Developer/CommandLineTools/usr/bin/cc    -fsigned-char -W -Werror=return-type -Werror=non-virtual-dtor -Werror=address -Werror=sequence-point -Wformat -Werror=format-security -Wmissing-declarations -Wmissing-prototypes -Wstrict-prototypes -Wundef -Winit-self -Wpointer-arith -Wshadow -Wsign-promo -Wno-narrowing -Wno-delete-non-virtual-dtor -Wno-unnamed-type-template-args -fdiagnostics-show-option -Wno-long-long -Qunused-arguments -Wno-semicolon-before-method-body -fno-omit-frame-pointer -msse -msse2 -mno-avx -msse3 -mno-ssse3 -mno-sse4.1 -mno-sse4.2 -fvisibility=hidden -fvisibility-inlines-hidden  -O3 -DNDEBUG   -o CMakeFiles/cmTC_7a892.dir/CheckIncludeFile.c.o   -c /Users/Tom/Documents/university/software-project/CMakeFiles/CMakeTmp/CheckIncludeFile.c
Linking C executable cmTC_7a892
/Applications/CMake.app/Contents/bin/cmake -E cmake_link_script CMakeFiles/cmTC_7a892.dir/link.txt --verbose=1
/Library/Developer/CommandLineTools/usr/bin/cc     -fsigned-char -W -Werror=return-type -Werror=non-virtual-dtor -Werror=address -Werror=sequence-point -Wformat -Werror=format-security -Wmissing-declarations -Wmissing-prototypes -Wstrict-prototypes -Wundef -Winit-self -Wpointer-arith -Wshadow -Wsign-promo -Wno-narrowing -Wno-delete-non-virtual-dtor -Wno-unnamed-type-template-args -fdiagnostics-show-option -Wno-long-long -Qunused-arguments -Wno-semicolon-before-method-body -fno-omit-frame-pointer -msse -msse2 -mno-avx -msse3 -mno-ssse3 -mno-sse4.1 -mno-sse4.2 -fvisibility=hidden -fvisibility-inlines-hidden  -O3 -DNDEBUG -Wl,-search_paths_first -Wl,-headerpad_max_install_names   CMakeFiles/cmTC_7a892.dir/CheckIncludeFile.c.o  -o cmTC_7a892  


Determining if the include file unistd.h exists passed with the following output:
Change Dir: /Users/Tom/Documents/university/software-project/CMakeFiles/CMakeTmp

Run Build Command:"/usr/bin/make" "cmTC_ea8cb/fast"
/Library/Developer/CommandLineTools/usr/bin/make -f CMakeFiles/cmTC_ea8cb.dir/build.make CMakeFiles/cmTC_ea8cb.dir/build
Building C object CMakeFiles/cmTC_ea8cb.dir/CheckIncludeFile.c.o
/Library/Developer/CommandLineTools/usr/bin/cc    -fsigned-char -W -Werror=return-type -Werror=non-virtual-dtor -Werror=address -Werror=sequence-point -Wformat -Werror=format-security -Wmissing-declarations -Wmissing-prototypes -Wstrict-prototypes -Wundef -Winit-self -Wpointer-arith -Wshadow -Wsign-promo -Wno-narrowing -Wno-delete-non-virtual-dtor -Wno-unnamed-type-template-args -fdiagnostics-show-option -Wno-long-long -Qunused-arguments -Wno-semicolon-before-method-body -fno-omit-frame-pointer -msse -msse2 -mno-avx -msse3 -mno-ssse3 -mno-sse4.1 -mno-sse4.2 -fvisibility=hidden -fvisibility-inlines-hidden  -O3 -DNDEBUG   -o CMakeFiles/cmTC_ea8cb.dir/CheckIncludeFile.c.o   -c /Users/Tom/Documents/university/software-project/CMakeFiles/CMakeTmp/CheckIncludeFile.c
Linking C executable cmTC_ea8cb
/Applications/CMake.app/Contents/bin/cmake -E cmake_link_script CMakeFiles/cmTC_ea8cb.dir/link.txt --verbose=1
/Library/Developer/CommandLineTools/usr/bin/cc     -fsigned-char -W -Werror=return-type -Werror=non-virtual-dtor -Werror=address -Werror=sequence-point -Wformat -Werror=format-security -Wmissing-declarations -Wmissing-prototypes -Wstrict-prototypes -Wundef -Winit-self -Wpointer-arith -Wshadow -Wsign-promo -Wno-narrowing -Wno-delete-non-virtual-dtor -Wno-unnamed-type-template-args -fdiagnostics-show-option -Wno-long-long -Qunused-arguments -Wno-semicolon-before-method-body -fno-omit-frame-pointer -msse -msse2 -mno-avx -msse3 -mno-ssse3 -mno-sse4.1 -mno-sse4.2 -fvisibility=hidden -fvisibility-inlines-hidden  -O3 -DNDEBUG -Wl,-search_paths_first -Wl,-headerpad_max_install_names   CMakeFiles/cmTC_ea8cb.dir/CheckIncludeFile.c.o  -o cmTC_ea8cb  


Determining if the include file semaphore.h exists passed with the following output:
Change Dir: /Users/Tom/Documents/university/software-project/CMakeFiles/CMakeTmp

Run Build Command:"/usr/bin/make" "cmTC_1d2bf/fast"
/Library/Developer/CommandLineTools/usr/bin/make -f CMakeFiles/cmTC_1d2bf.dir/build.make CMakeFiles/cmTC_1d2bf.dir/build
Building C object CMakeFiles/cmTC_1d2bf.dir/CheckIncludeFile.c.o
/Library/Developer/CommandLineTools/usr/bin/cc    -fsigned-char -W -Werror=return-type -Werror=non-virtual-dtor -Werror=address -Werror=sequence-point -Wformat -Werror=format-security -Wmissing-declarations -Wmissing-prototypes -Wstrict-prototypes -Wundef -Winit-self -Wpointer-arith -Wshadow -Wsign-promo -Wno-narrowing -Wno-delete-non-virtual-dtor -Wno-unnamed-type-template-args -fdiagnostics-show-option -Wno-long-long -Qunused-arguments -Wno-semicolon-before-method-body -fno-omit-frame-pointer -msse -msse2 -mno-avx -msse3 -mno-ssse3 -mno-sse4.1 -mno-sse4.2 -fvisibility=hidden -fvisibility-inlines-hidden  -O3 -DNDEBUG   -o CMakeFiles/cmTC_1d2bf.dir/CheckIncludeFile.c.o   -c /Users/Tom/Documents/university/software-project/CMakeFiles/CMakeTmp/CheckIncludeFile.c
Linking C executable cmTC_1d2bf
/Applications/CMake.app/Contents/bin/cmake -E cmake_link_script CMakeFiles/cmTC_1d2bf.dir/link.txt --verbose=1
/Library/Developer/CommandLineTools/usr/bin/cc     -fsigned-char -W -Werror=return-type -Werror=non-virtual-dtor -Werror=address -Werror=sequence-point -Wformat -Werror=format-security -Wmissing-declarations -Wmissing-prototypes -Wstrict-prototypes -Wundef -Winit-self -Wpointer-arith -Wshadow -Wsign-promo -Wno-narrowing -Wno-delete-non-virtual-dtor -Wno-unnamed-type-template-args -fdiagnostics-show-option -Wno-long-long -Qunused-arguments -Wno-semicolon-before-method-body -fno-omit-frame-pointer -msse -msse2 -mno-avx -msse3 -mno-ssse3 -mno-sse4.1 -mno-sse4.2 -fvisibility=hidden -fvisibility-inlines-hidden  -O3 -DNDEBUG -Wl,-search_paths_first -Wl,-headerpad_max_install_names   CMakeFiles/cmTC_1d2bf.dir/CheckIncludeFile.c.o  -o cmTC_1d2bf  


